<?xml version="1.0" encoding="UTF-8"?>
<testsuite xmlns:xsi="http://www.w3.org/2001/XMLSchema-instance" xsi:noNamespaceSchemaLocation="https://maven.apache.org/surefire/maven-surefire-plugin/xsd/surefire-test-report.xsd" name="com.CalculoFinanceiro.service.TestCalcularCompromedimento" time="0.012" tests="2" errors="0" skipped="0" failures="0">
  <properties>
    <property name="java.specification.version" value="13"/>
    <property name="sun.cpu.isalist" value="amd64"/>
    <property name="sun.jnu.encoding" value="Cp1252"/>
    <property name="java.class.path" value="C:\Users\Pichau\Desktop\gitgit\sistema-calculo-financeio-master\sistema-calculo-financeio-master\target\test-classes;C:\Users\Pichau\Desktop\gitgit\sistema-calculo-financeio-master\sistema-calculo-financeio-master\target\classes;C:\Users\Pichau\.m2\repository\org\springframework\boot\spring-boot-starter-web\2.2.9.RELEASE\spring-boot-starter-web-2.2.9.RELEASE.jar;C:\Users\Pichau\.m2\repository\org\springframework\boot\spring-boot-starter\2.2.9.RELEASE\spring-boot-starter-2.2.9.RELEASE.jar;C:\Users\Pichau\.m2\repository\org\springframework\boot\spring-boot-starter-logging\2.2.9.RELEASE\spring-boot-starter-logging-2.2.9.RELEASE.jar;C:\Users\Pichau\.m2\repository\ch\qos\logback\logback-classic\1.2.3\logback-classic-1.2.3.jar;C:\Users\Pichau\.m2\repository\ch\qos\logback\logback-core\1.2.3\logback-core-1.2.3.jar;C:\Users\Pichau\.m2\repository\org\apache\logging\log4j\log4j-to-slf4j\2.12.1\log4j-to-slf4j-2.12.1.jar;C:\Users\Pichau\.m2\repository\org\apache\logging\log4j\log4j-api\2.12.1\log4j-api-2.12.1.jar;C:\Users\Pichau\.m2\repository\org\slf4j\jul-to-slf4j\1.7.30\jul-to-slf4j-1.7.30.jar;C:\Users\Pichau\.m2\repository\jakarta\annotation\jakarta.annotation-api\1.3.5\jakarta.annotation-api-1.3.5.jar;C:\Users\Pichau\.m2\repository\org\yaml\snakeyaml\1.25\snakeyaml-1.25.jar;C:\Users\Pichau\.m2\repository\org\springframework\boot\spring-boot-starter-json\2.2.9.RELEASE\spring-boot-starter-json-2.2.9.RELEASE.jar;C:\Users\Pichau\.m2\repository\com\fasterxml\jackson\core\jackson-databind\2.10.5\jackson-databind-2.10.5.jar;C:\Users\Pichau\.m2\repository\com\fasterxml\jackson\core\jackson-annotations\2.10.5\jackson-annotations-2.10.5.jar;C:\Users\Pichau\.m2\repository\com\fasterxml\jackson\core\jackson-core\2.10.5\jackson-core-2.10.5.jar;C:\Users\Pichau\.m2\repository\com\fasterxml\jackson\datatype\jackson-datatype-jdk8\2.10.5\jackson-datatype-jdk8-2.10.5.jar;C:\Users\Pichau\.m2\repository\com\fasterxml\jackson\datatype\jackson-datatype-jsr310\2.10.5\jackson-datatype-jsr310-2.10.5.jar;C:\Users\Pichau\.m2\repository\com\fasterxml\jackson\module\jackson-module-parameter-names\2.10.5\jackson-module-parameter-names-2.10.5.jar;C:\Users\Pichau\.m2\repository\org\springframework\boot\spring-boot-starter-tomcat\2.2.9.RELEASE\spring-boot-starter-tomcat-2.2.9.RELEASE.jar;C:\Users\Pichau\.m2\repository\org\apache\tomcat\embed\tomcat-embed-core\9.0.37\tomcat-embed-core-9.0.37.jar;C:\Users\Pichau\.m2\repository\org\apache\tomcat\embed\tomcat-embed-el\9.0.37\tomcat-embed-el-9.0.37.jar;C:\Users\Pichau\.m2\repository\org\apache\tomcat\embed\tomcat-embed-websocket\9.0.37\tomcat-embed-websocket-9.0.37.jar;C:\Users\Pichau\.m2\repository\org\springframework\boot\spring-boot-starter-validation\2.2.9.RELEASE\spring-boot-starter-validation-2.2.9.RELEASE.jar;C:\Users\Pichau\.m2\repository\jakarta\validation\jakarta.validation-api\2.0.2\jakarta.validation-api-2.0.2.jar;C:\Users\Pichau\.m2\repository\org\hibernate\validator\hibernate-validator\6.0.20.Final\hibernate-validator-6.0.20.Final.jar;C:\Users\Pichau\.m2\repository\org\springframework\spring-web\5.2.8.RELEASE\spring-web-5.2.8.RELEASE.jar;C:\Users\Pichau\.m2\repository\org\springframework\spring-beans\5.2.8.RELEASE\spring-beans-5.2.8.RELEASE.jar;C:\Users\Pichau\.m2\repository\org\springframework\spring-webmvc\5.2.8.RELEASE\spring-webmvc-5.2.8.RELEASE.jar;C:\Users\Pichau\.m2\repository\org\springframework\spring-aop\5.2.8.RELEASE\spring-aop-5.2.8.RELEASE.jar;C:\Users\Pichau\.m2\repository\org\springframework\spring-context\5.2.8.RELEASE\spring-context-5.2.8.RELEASE.jar;C:\Users\Pichau\.m2\repository\org\springframework\spring-expression\5.2.8.RELEASE\spring-expression-5.2.8.RELEASE.jar;C:\Users\Pichau\.m2\repository\org\springframework\boot\spring-boot-starter-test\2.2.9.RELEASE\spring-boot-starter-test-2.2.9.RELEASE.jar;C:\Users\Pichau\.m2\repository\org\springframework\boot\spring-boot-test\2.2.9.RELEASE\spring-boot-test-2.2.9.RELEASE.jar;C:\Users\Pichau\.m2\repository\org\springframework\boot\spring-boot-test-autoconfigure\2.2.9.RELEASE\spring-boot-test-autoconfigure-2.2.9.RELEASE.jar;C:\Users\Pichau\.m2\repository\com\jayway\jsonpath\json-path\2.4.0\json-path-2.4.0.jar;C:\Users\Pichau\.m2\repository\net\minidev\json-smart\2.3\json-smart-2.3.jar;C:\Users\Pichau\.m2\repository\net\minidev\accessors-smart\1.2\accessors-smart-1.2.jar;C:\Users\Pichau\.m2\repository\org\ow2\asm\asm\5.0.4\asm-5.0.4.jar;C:\Users\Pichau\.m2\repository\jakarta\xml\bind\jakarta.xml.bind-api\2.3.3\jakarta.xml.bind-api-2.3.3.jar;C:\Users\Pichau\.m2\repository\jakarta\activation\jakarta.activation-api\1.2.2\jakarta.activation-api-1.2.2.jar;C:\Users\Pichau\.m2\repository\org\junit\jupiter\junit-jupiter\5.5.2\junit-jupiter-5.5.2.jar;C:\Users\Pichau\.m2\repository\org\junit\jupiter\junit-jupiter-api\5.5.2\junit-jupiter-api-5.5.2.jar;C:\Users\Pichau\.m2\repository\org\opentest4j\opentest4j\1.2.0\opentest4j-1.2.0.jar;C:\Users\Pichau\.m2\repository\org\junit\platform\junit-platform-commons\1.5.2\junit-platform-commons-1.5.2.jar;C:\Users\Pichau\.m2\repository\org\junit\jupiter\junit-jupiter-params\5.5.2\junit-jupiter-params-5.5.2.jar;C:\Users\Pichau\.m2\repository\org\junit\jupiter\junit-jupiter-engine\5.5.2\junit-jupiter-engine-5.5.2.jar;C:\Users\Pichau\.m2\repository\org\junit\vintage\junit-vintage-engine\5.5.2\junit-vintage-engine-5.5.2.jar;C:\Users\Pichau\.m2\repository\org\apiguardian\apiguardian-api\1.1.0\apiguardian-api-1.1.0.jar;C:\Users\Pichau\.m2\repository\org\junit\platform\junit-platform-engine\1.5.2\junit-platform-engine-1.5.2.jar;C:\Users\Pichau\.m2\repository\org\mockito\mockito-junit-jupiter\3.1.0\mockito-junit-jupiter-3.1.0.jar;C:\Users\Pichau\.m2\repository\org\assertj\assertj-core\3.13.2\assertj-core-3.13.2.jar;C:\Users\Pichau\.m2\repository\org\hamcrest\hamcrest\2.1\hamcrest-2.1.jar;C:\Users\Pichau\.m2\repository\org\mockito\mockito-core\3.1.0\mockito-core-3.1.0.jar;C:\Users\Pichau\.m2\repository\net\bytebuddy\byte-buddy\1.10.13\byte-buddy-1.10.13.jar;C:\Users\Pichau\.m2\repository\net\bytebuddy\byte-buddy-agent\1.10.13\byte-buddy-agent-1.10.13.jar;C:\Users\Pichau\.m2\repository\org\objenesis\objenesis\2.6\objenesis-2.6.jar;C:\Users\Pichau\.m2\repository\org\skyscreamer\jsonassert\1.5.0\jsonassert-1.5.0.jar;C:\Users\Pichau\.m2\repository\com\vaadin\external\google\android-json\0.0.20131108.vaadin1\android-json-0.0.20131108.vaadin1.jar;C:\Users\Pichau\.m2\repository\org\springframework\spring-core\5.2.8.RELEASE\spring-core-5.2.8.RELEASE.jar;C:\Users\Pichau\.m2\repository\org\springframework\spring-jcl\5.2.8.RELEASE\spring-jcl-5.2.8.RELEASE.jar;C:\Users\Pichau\.m2\repository\org\springframework\spring-test\5.2.8.RELEASE\spring-test-5.2.8.RELEASE.jar;C:\Users\Pichau\.m2\repository\org\xmlunit\xmlunit-core\2.6.4\xmlunit-core-2.6.4.jar;C:\Users\Pichau\.m2\repository\org\springframework\boot\spring-boot-starter-webflux\2.2.9.RELEASE\spring-boot-starter-webflux-2.2.9.RELEASE.jar;C:\Users\Pichau\.m2\repository\org\springframework\boot\spring-boot-starter-reactor-netty\2.2.9.RELEASE\spring-boot-starter-reactor-netty-2.2.9.RELEASE.jar;C:\Users\Pichau\.m2\repository\io\projectreactor\netty\reactor-netty\0.9.10.RELEASE\reactor-netty-0.9.10.RELEASE.jar;C:\Users\Pichau\.m2\repository\io\netty\netty-codec-http\4.1.51.Final\netty-codec-http-4.1.51.Final.jar;C:\Users\Pichau\.m2\repository\io\netty\netty-common\4.1.51.Final\netty-common-4.1.51.Final.jar;C:\Users\Pichau\.m2\repository\io\netty\netty-buffer\4.1.51.Final\netty-buffer-4.1.51.Final.jar;C:\Users\Pichau\.m2\repository\io\netty\netty-transport\4.1.51.Final\netty-transport-4.1.51.Final.jar;C:\Users\Pichau\.m2\repository\io\netty\netty-codec\4.1.51.Final\netty-codec-4.1.51.Final.jar;C:\Users\Pichau\.m2\repository\io\netty\netty-codec-http2\4.1.51.Final\netty-codec-http2-4.1.51.Final.jar;C:\Users\Pichau\.m2\repository\io\netty\netty-handler\4.1.51.Final\netty-handler-4.1.51.Final.jar;C:\Users\Pichau\.m2\repository\io\netty\netty-resolver\4.1.51.Final\netty-resolver-4.1.51.Final.jar;C:\Users\Pichau\.m2\repository\io\netty\netty-handler-proxy\4.1.51.Final\netty-handler-proxy-4.1.51.Final.jar;C:\Users\Pichau\.m2\repository\io\netty\netty-codec-socks\4.1.51.Final\netty-codec-socks-4.1.51.Final.jar;C:\Users\Pichau\.m2\repository\io\netty\netty-transport-native-epoll\4.1.51.Final\netty-transport-native-epoll-4.1.51.Final-linux-x86_64.jar;C:\Users\Pichau\.m2\repository\io\netty\netty-transport-native-unix-common\4.1.51.Final\netty-transport-native-unix-common-4.1.51.Final.jar;C:\Users\Pichau\.m2\repository\org\glassfish\jakarta.el\3.0.3\jakarta.el-3.0.3.jar;C:\Users\Pichau\.m2\repository\org\springframework\spring-webflux\5.2.8.RELEASE\spring-webflux-5.2.8.RELEASE.jar;C:\Users\Pichau\.m2\repository\io\projectreactor\reactor-core\3.3.8.RELEASE\reactor-core-3.3.8.RELEASE.jar;C:\Users\Pichau\.m2\repository\org\reactivestreams\reactive-streams\1.0.3\reactive-streams-1.0.3.jar;C:\Users\Pichau\.m2\repository\org\synchronoss\cloud\nio-multipart-parser\1.1.0\nio-multipart-parser-1.1.0.jar;C:\Users\Pichau\.m2\repository\org\synchronoss\cloud\nio-stream-storage\1.1.3\nio-stream-storage-1.1.3.jar;C:\Users\Pichau\.m2\repository\com\h2database\h2\1.4.200\h2-1.4.200.jar;C:\Users\Pichau\.m2\repository\org\projectlombok\lombok\1.18.12\lombok-1.18.12.jar;C:\Users\Pichau\.m2\repository\org\springframework\boot\spring-boot-starter-data-jpa\2.2.9.RELEASE\spring-boot-starter-data-jpa-2.2.9.RELEASE.jar;C:\Users\Pichau\.m2\repository\org\springframework\boot\spring-boot-starter-aop\2.2.9.RELEASE\spring-boot-starter-aop-2.2.9.RELEASE.jar;C:\Users\Pichau\.m2\repository\org\aspectj\aspectjweaver\1.9.6\aspectjweaver-1.9.6.jar;C:\Users\Pichau\.m2\repository\org\springframework\boot\spring-boot-starter-jdbc\2.2.9.RELEASE\spring-boot-starter-jdbc-2.2.9.RELEASE.jar;C:\Users\Pichau\.m2\repository\com\zaxxer\HikariCP\3.4.5\HikariCP-3.4.5.jar;C:\Users\Pichau\.m2\repository\org\springframework\spring-jdbc\5.2.8.RELEASE\spring-jdbc-5.2.8.RELEASE.jar;C:\Users\Pichau\.m2\repository\jakarta\persistence\jakarta.persistence-api\2.2.3\jakarta.persistence-api-2.2.3.jar;C:\Users\Pichau\.m2\repository\jakarta\transaction\jakarta.transaction-api\1.3.3\jakarta.transaction-api-1.3.3.jar;C:\Users\Pichau\.m2\repository\org\hibernate\hibernate-core\5.4.18.Final\hibernate-core-5.4.18.Final.jar;C:\Users\Pichau\.m2\repository\org\javassist\javassist\3.24.0-GA\javassist-3.24.0-GA.jar;C:\Users\Pichau\.m2\repository\antlr\antlr\2.7.7\antlr-2.7.7.jar;C:\Users\Pichau\.m2\repository\org\jboss\jandex\2.1.3.Final\jandex-2.1.3.Final.jar;C:\Users\Pichau\.m2\repository\org\dom4j\dom4j\2.1.3\dom4j-2.1.3.jar;C:\Users\Pichau\.m2\repository\org\hibernate\common\hibernate-commons-annotations\5.1.0.Final\hibernate-commons-annotations-5.1.0.Final.jar;C:\Users\Pichau\.m2\repository\org\glassfish\jaxb\jaxb-runtime\2.3.3\jaxb-runtime-2.3.3.jar;C:\Users\Pichau\.m2\repository\org\glassfish\jaxb\txw2\2.3.3\txw2-2.3.3.jar;C:\Users\Pichau\.m2\repository\com\sun\istack\istack-commons-runtime\3.0.11\istack-commons-runtime-3.0.11.jar;C:\Users\Pichau\.m2\repository\com\sun\activation\jakarta.activation\1.2.2\jakarta.activation-1.2.2.jar;C:\Users\Pichau\.m2\repository\org\springframework\data\spring-data-jpa\2.2.9.RELEASE\spring-data-jpa-2.2.9.RELEASE.jar;C:\Users\Pichau\.m2\repository\org\springframework\data\spring-data-commons\2.2.9.RELEASE\spring-data-commons-2.2.9.RELEASE.jar;C:\Users\Pichau\.m2\repository\org\springframework\spring-orm\5.2.8.RELEASE\spring-orm-5.2.8.RELEASE.jar;C:\Users\Pichau\.m2\repository\org\springframework\spring-tx\5.2.8.RELEASE\spring-tx-5.2.8.RELEASE.jar;C:\Users\Pichau\.m2\repository\org\springframework\spring-aspects\5.2.8.RELEASE\spring-aspects-5.2.8.RELEASE.jar;C:\Users\Pichau\.m2\repository\org\springframework\boot\spring-boot-devtools\2.2.9.RELEASE\spring-boot-devtools-2.2.9.RELEASE.jar;C:\Users\Pichau\.m2\repository\org\springframework\boot\spring-boot\2.2.9.RELEASE\spring-boot-2.2.9.RELEASE.jar;C:\Users\Pichau\.m2\repository\org\springframework\boot\spring-boot-autoconfigure\2.2.9.RELEASE\spring-boot-autoconfigure-2.2.9.RELEASE.jar;C:\Users\Pichau\.m2\repository\org\hibernate\hibernate-validator\5.2.4.Final\hibernate-validator-5.2.4.Final.jar;C:\Users\Pichau\.m2\repository\javax\validation\validation-api\2.0.1.Final\validation-api-2.0.1.Final.jar;C:\Users\Pichau\.m2\repository\org\jboss\logging\jboss-logging\3.4.1.Final\jboss-logging-3.4.1.Final.jar;C:\Users\Pichau\.m2\repository\com\fasterxml\classmate\1.5.1\classmate-1.5.1.jar;C:\Users\Pichau\.m2\repository\javax\servlet\jsp\jsp-api\2.2\jsp-api-2.2.jar;C:\Users\Pichau\.m2\repository\au\com\dius\pact\provider\junit\4.1.7\junit-4.1.7.jar;C:\Users\Pichau\.m2\repository\org\apache\httpcomponents\fluent-hc\4.5.12\fluent-hc-4.5.12.jar;C:\Users\Pichau\.m2\repository\commons-logging\commons-logging\1.2\commons-logging-1.2.jar;C:\Users\Pichau\.m2\repository\org\apache\httpcomponents\httpclient\4.5.12\httpclient-4.5.12.jar;C:\Users\Pichau\.m2\repository\org\apache\httpcomponents\httpcore\4.4.13\httpcore-4.4.13.jar;C:\Users\Pichau\.m2\repository\commons-codec\commons-codec\1.13\commons-codec-1.13.jar;C:\Users\Pichau\.m2\repository\org\apache\commons\commons-lang3\3.9\commons-lang3-3.9.jar;C:\Users\Pichau\.m2\repository\org\jooq\jool\0.9.14\jool-0.9.14.jar;C:\Users\Pichau\.m2\repository\com\github\rholder\guava-retrying\2.0.0\guava-retrying-2.0.0.jar;C:\Users\Pichau\.m2\repository\com\google\guava\guava\29.0-jre\guava-29.0-jre.jar;C:\Users\Pichau\.m2\repository\com\google\guava\failureaccess\1.0.1\failureaccess-1.0.1.jar;C:\Users\Pichau\.m2\repository\com\google\guava\listenablefuture\9999.0-empty-to-avoid-conflict-with-guava\listenablefuture-9999.0-empty-to-avoid-conflict-with-guava.jar;C:\Users\Pichau\.m2\repository\org\checkerframework\checker-qual\2.11.1\checker-qual-2.11.1.jar;C:\Users\Pichau\.m2\repository\com\google\errorprone\error_prone_annotations\2.3.4\error_prone_annotations-2.3.4.jar;C:\Users\Pichau\.m2\repository\com\google\j2objc\j2objc-annotations\1.3\j2objc-annotations-1.3.jar;C:\Users\Pichau\.m2\repository\com\google\code\findbugs\jsr305\2.0.2\jsr305-2.0.2.jar;C:\Users\Pichau\.m2\repository\javax\mail\mail\1.5.0-b01\mail-1.5.0-b01.jar;C:\Users\Pichau\.m2\repository\javax\activation\activation\1.1\activation-1.1.jar;C:\Users\Pichau\.m2\repository\au\com\dius\pact\core\support\4.1.7\support-4.1.7.jar;C:\Users\Pichau\.m2\repository\org\antlr\antlr4\4.7.2\antlr4-4.7.2.jar;C:\Users\Pichau\.m2\repository\org\antlr\antlr4-runtime\4.7.2\antlr4-runtime-4.7.2.jar;C:\Users\Pichau\.m2\repository\org\antlr\antlr-runtime\3.5.2\antlr-runtime-3.5.2.jar;C:\Users\Pichau\.m2\repository\org\antlr\ST4\4.1\ST4-4.1.jar;C:\Users\Pichau\.m2\repository\org\abego\treelayout\org.abego.treelayout.core\1.0.3\org.abego.treelayout.core-1.0.3.jar;C:\Users\Pichau\.m2\repository\org\glassfish\javax.json\1.0.4\javax.json-1.0.4.jar;C:\Users\Pichau\.m2\repository\com\ibm\icu\icu4j\61.1\icu4j-61.1.jar;C:\Users\Pichau\.m2\repository\io\github\microutils\kotlin-logging\1.6.26\kotlin-logging-1.6.26.jar;C:\Users\Pichau\.m2\repository\io\github\microutils\kotlin-logging-common\1.6.26\kotlin-logging-common-1.6.26.jar;C:\Users\Pichau\.m2\repository\com\michael-bull\kotlin-result\kotlin-result\1.1.6\kotlin-result-1.1.6.jar;C:\Users\Pichau\.m2\repository\org\jetbrains\kotlin\kotlin-stdlib\1.3.72\kotlin-stdlib-1.3.72.jar;C:\Users\Pichau\.m2\repository\org\jetbrains\kotlin\kotlin-stdlib-common\1.3.72\kotlin-stdlib-common-1.3.72.jar;C:\Users\Pichau\.m2\repository\org\jetbrains\annotations\13.0\annotations-13.0.jar;C:\Users\Pichau\.m2\repository\org\jetbrains\kotlin\kotlin-stdlib-jdk8\1.3.72\kotlin-stdlib-jdk8-1.3.72.jar;C:\Users\Pichau\.m2\repository\org\jetbrains\kotlin\kotlin-stdlib-jdk7\1.3.72\kotlin-stdlib-jdk7-1.3.72.jar;C:\Users\Pichau\.m2\repository\org\jetbrains\kotlin\kotlin-reflect\1.3.72\kotlin-reflect-1.3.72.jar;C:\Users\Pichau\.m2\repository\au\com\dius\pact\provider\4.1.7\provider-4.1.7.jar;C:\Users\Pichau\.m2\repository\commons-io\commons-io\2.5\commons-io-2.5.jar;C:\Users\Pichau\.m2\repository\au\com\dius\pact\core\model\4.1.7\model-4.1.7.jar;C:\Users\Pichau\.m2\repository\com\github\zafarkhaja\java-semver\0.9.0\java-semver-0.9.0.jar;C:\Users\Pichau\.m2\repository\org\apache\commons\commons-collections4\4.1\commons-collections4-4.1.jar;C:\Users\Pichau\.m2\repository\com\github\mifmif\generex\1.0.2\generex-1.0.2.jar;C:\Users\Pichau\.m2\repository\dk\brics\automaton\automaton\1.11-8\automaton-1.11-8.jar;C:\Users\Pichau\.m2\repository\org\apache\tika\tika-core\1.24.1\tika-core-1.24.1.jar;C:\Users\Pichau\.m2\repository\au\com\dius\pact\core\pactbroker\4.1.7\pactbroker-4.1.7.jar;C:\Users\Pichau\.m2\repository\au\com\dius\pact\core\matchers\4.1.7\matchers-4.1.7.jar;C:\Users\Pichau\.m2\repository\com\googlecode\java-diff-utils\diffutils\1.3.0\diffutils-1.3.0.jar;C:\Users\Pichau\.m2\repository\xerces\xercesImpl\2.12.0\xercesImpl-2.12.0.jar;C:\Users\Pichau\.m2\repository\xml-apis\xml-apis\1.4.01\xml-apis-1.4.01.jar;C:\Users\Pichau\.m2\repository\org\atteo\evo-inflector\1.2.2\evo-inflector-1.2.2.jar;C:\Users\Pichau\.m2\repository\org\scala-lang\scala-library\2.13.2\scala-library-2.13.2.jar;C:\Users\Pichau\.m2\repository\io\github\classgraph\classgraph\4.8.25\classgraph-4.8.25.jar;C:\Users\Pichau\.m2\repository\org\codehaus\groovy\groovy\2.5.13\groovy-2.5.13.jar;C:\Users\Pichau\.m2\repository\com\github\ajalt\mordant\1.2.1\mordant-1.2.1.jar;C:\Users\Pichau\.m2\repository\com\github\ajalt\colormath\1.2.0\colormath-1.2.0.jar;C:\Users\Pichau\.m2\repository\org\slf4j\slf4j-api\1.7.30\slf4j-api-1.7.30.jar;C:\Users\Pichau\.m2\repository\org\springframework\boot\spring-boot-configuration-processor\2.2.9.RELEASE\spring-boot-configuration-processor-2.2.9.RELEASE.jar;C:\Users\Pichau\.m2\repository\junit\junit\4.12\junit-4.12.jar;C:\Users\Pichau\.m2\repository\org\hamcrest\hamcrest-core\2.1\hamcrest-core-2.1.jar;C:\Users\Pichau\.m2\repository\org\mockito\mockito-all\1.10.19\mockito-all-1.10.19.jar;"/>
    <property name="java.vm.vendor" value="Oracle Corporation"/>
    <property name="sun.arch.data.model" value="64"/>
    <property name="user.variant" value=""/>
    <property name="java.vendor.url" value="https://java.oracle.com/"/>
    <property name="user.timezone" value="America/Sao_Paulo"/>
    <property name="os.name" value="Windows 10"/>
    <property name="java.vm.specification.version" value="13"/>
    <property name="sun.java.launcher" value="SUN_STANDARD"/>
    <property name="user.country" value="BR"/>
    <property name="sun.boot.library.path" value="C:\Program Files\Java\jdk-13.0.2\bin"/>
    <property name="sun.java.command" value="C:\Users\Pichau\AppData\Local\Temp\surefire5917343350031417455\surefirebooter1102054728396442448.jar C:\Users\Pichau\AppData\Local\Temp\surefire5917343350031417455 2020-09-07T20-28-06_562-jvmRun1 surefire452834824560409363tmp surefire_04074434212272706257tmp"/>
    <property name="jdk.debug" value="release"/>
    <property name="surefire.test.class.path" value="C:\Users\Pichau\Desktop\gitgit\sistema-calculo-financeio-master\sistema-calculo-financeio-master\target\test-classes;C:\Users\Pichau\Desktop\gitgit\sistema-calculo-financeio-master\sistema-calculo-financeio-master\target\classes;C:\Users\Pichau\.m2\repository\org\springframework\boot\spring-boot-starter-web\2.2.9.RELEASE\spring-boot-starter-web-2.2.9.RELEASE.jar;C:\Users\Pichau\.m2\repository\org\springframework\boot\spring-boot-starter\2.2.9.RELEASE\spring-boot-starter-2.2.9.RELEASE.jar;C:\Users\Pichau\.m2\repository\org\springframework\boot\spring-boot-starter-logging\2.2.9.RELEASE\spring-boot-starter-logging-2.2.9.RELEASE.jar;C:\Users\Pichau\.m2\repository\ch\qos\logback\logback-classic\1.2.3\logback-classic-1.2.3.jar;C:\Users\Pichau\.m2\repository\ch\qos\logback\logback-core\1.2.3\logback-core-1.2.3.jar;C:\Users\Pichau\.m2\repository\org\apache\logging\log4j\log4j-to-slf4j\2.12.1\log4j-to-slf4j-2.12.1.jar;C:\Users\Pichau\.m2\repository\org\apache\logging\log4j\log4j-api\2.12.1\log4j-api-2.12.1.jar;C:\Users\Pichau\.m2\repository\org\slf4j\jul-to-slf4j\1.7.30\jul-to-slf4j-1.7.30.jar;C:\Users\Pichau\.m2\repository\jakarta\annotation\jakarta.annotation-api\1.3.5\jakarta.annotation-api-1.3.5.jar;C:\Users\Pichau\.m2\repository\org\yaml\snakeyaml\1.25\snakeyaml-1.25.jar;C:\Users\Pichau\.m2\repository\org\springframework\boot\spring-boot-starter-json\2.2.9.RELEASE\spring-boot-starter-json-2.2.9.RELEASE.jar;C:\Users\Pichau\.m2\repository\com\fasterxml\jackson\core\jackson-databind\2.10.5\jackson-databind-2.10.5.jar;C:\Users\Pichau\.m2\repository\com\fasterxml\jackson\core\jackson-annotations\2.10.5\jackson-annotations-2.10.5.jar;C:\Users\Pichau\.m2\repository\com\fasterxml\jackson\core\jackson-core\2.10.5\jackson-core-2.10.5.jar;C:\Users\Pichau\.m2\repository\com\fasterxml\jackson\datatype\jackson-datatype-jdk8\2.10.5\jackson-datatype-jdk8-2.10.5.jar;C:\Users\Pichau\.m2\repository\com\fasterxml\jackson\datatype\jackson-datatype-jsr310\2.10.5\jackson-datatype-jsr310-2.10.5.jar;C:\Users\Pichau\.m2\repository\com\fasterxml\jackson\module\jackson-module-parameter-names\2.10.5\jackson-module-parameter-names-2.10.5.jar;C:\Users\Pichau\.m2\repository\org\springframework\boot\spring-boot-starter-tomcat\2.2.9.RELEASE\spring-boot-starter-tomcat-2.2.9.RELEASE.jar;C:\Users\Pichau\.m2\repository\org\apache\tomcat\embed\tomcat-embed-core\9.0.37\tomcat-embed-core-9.0.37.jar;C:\Users\Pichau\.m2\repository\org\apache\tomcat\embed\tomcat-embed-el\9.0.37\tomcat-embed-el-9.0.37.jar;C:\Users\Pichau\.m2\repository\org\apache\tomcat\embed\tomcat-embed-websocket\9.0.37\tomcat-embed-websocket-9.0.37.jar;C:\Users\Pichau\.m2\repository\org\springframework\boot\spring-boot-starter-validation\2.2.9.RELEASE\spring-boot-starter-validation-2.2.9.RELEASE.jar;C:\Users\Pichau\.m2\repository\jakarta\validation\jakarta.validation-api\2.0.2\jakarta.validation-api-2.0.2.jar;C:\Users\Pichau\.m2\repository\org\hibernate\validator\hibernate-validator\6.0.20.Final\hibernate-validator-6.0.20.Final.jar;C:\Users\Pichau\.m2\repository\org\springframework\spring-web\5.2.8.RELEASE\spring-web-5.2.8.RELEASE.jar;C:\Users\Pichau\.m2\repository\org\springframework\spring-beans\5.2.8.RELEASE\spring-beans-5.2.8.RELEASE.jar;C:\Users\Pichau\.m2\repository\org\springframework\spring-webmvc\5.2.8.RELEASE\spring-webmvc-5.2.8.RELEASE.jar;C:\Users\Pichau\.m2\repository\org\springframework\spring-aop\5.2.8.RELEASE\spring-aop-5.2.8.RELEASE.jar;C:\Users\Pichau\.m2\repository\org\springframework\spring-context\5.2.8.RELEASE\spring-context-5.2.8.RELEASE.jar;C:\Users\Pichau\.m2\repository\org\springframework\spring-expression\5.2.8.RELEASE\spring-expression-5.2.8.RELEASE.jar;C:\Users\Pichau\.m2\repository\org\springframework\boot\spring-boot-starter-test\2.2.9.RELEASE\spring-boot-starter-test-2.2.9.RELEASE.jar;C:\Users\Pichau\.m2\repository\org\springframework\boot\spring-boot-test\2.2.9.RELEASE\spring-boot-test-2.2.9.RELEASE.jar;C:\Users\Pichau\.m2\repository\org\springframework\boot\spring-boot-test-autoconfigure\2.2.9.RELEASE\spring-boot-test-autoconfigure-2.2.9.RELEASE.jar;C:\Users\Pichau\.m2\repository\com\jayway\jsonpath\json-path\2.4.0\json-path-2.4.0.jar;C:\Users\Pichau\.m2\repository\net\minidev\json-smart\2.3\json-smart-2.3.jar;C:\Users\Pichau\.m2\repository\net\minidev\accessors-smart\1.2\accessors-smart-1.2.jar;C:\Users\Pichau\.m2\repository\org\ow2\asm\asm\5.0.4\asm-5.0.4.jar;C:\Users\Pichau\.m2\repository\jakarta\xml\bind\jakarta.xml.bind-api\2.3.3\jakarta.xml.bind-api-2.3.3.jar;C:\Users\Pichau\.m2\repository\jakarta\activation\jakarta.activation-api\1.2.2\jakarta.activation-api-1.2.2.jar;C:\Users\Pichau\.m2\repository\org\junit\jupiter\junit-jupiter\5.5.2\junit-jupiter-5.5.2.jar;C:\Users\Pichau\.m2\repository\org\junit\jupiter\junit-jupiter-api\5.5.2\junit-jupiter-api-5.5.2.jar;C:\Users\Pichau\.m2\repository\org\opentest4j\opentest4j\1.2.0\opentest4j-1.2.0.jar;C:\Users\Pichau\.m2\repository\org\junit\platform\junit-platform-commons\1.5.2\junit-platform-commons-1.5.2.jar;C:\Users\Pichau\.m2\repository\org\junit\jupiter\junit-jupiter-params\5.5.2\junit-jupiter-params-5.5.2.jar;C:\Users\Pichau\.m2\repository\org\junit\jupiter\junit-jupiter-engine\5.5.2\junit-jupiter-engine-5.5.2.jar;C:\Users\Pichau\.m2\repository\org\junit\vintage\junit-vintage-engine\5.5.2\junit-vintage-engine-5.5.2.jar;C:\Users\Pichau\.m2\repository\org\apiguardian\apiguardian-api\1.1.0\apiguardian-api-1.1.0.jar;C:\Users\Pichau\.m2\repository\org\junit\platform\junit-platform-engine\1.5.2\junit-platform-engine-1.5.2.jar;C:\Users\Pichau\.m2\repository\org\mockito\mockito-junit-jupiter\3.1.0\mockito-junit-jupiter-3.1.0.jar;C:\Users\Pichau\.m2\repository\org\assertj\assertj-core\3.13.2\assertj-core-3.13.2.jar;C:\Users\Pichau\.m2\repository\org\hamcrest\hamcrest\2.1\hamcrest-2.1.jar;C:\Users\Pichau\.m2\repository\org\mockito\mockito-core\3.1.0\mockito-core-3.1.0.jar;C:\Users\Pichau\.m2\repository\net\bytebuddy\byte-buddy\1.10.13\byte-buddy-1.10.13.jar;C:\Users\Pichau\.m2\repository\net\bytebuddy\byte-buddy-agent\1.10.13\byte-buddy-agent-1.10.13.jar;C:\Users\Pichau\.m2\repository\org\objenesis\objenesis\2.6\objenesis-2.6.jar;C:\Users\Pichau\.m2\repository\org\skyscreamer\jsonassert\1.5.0\jsonassert-1.5.0.jar;C:\Users\Pichau\.m2\repository\com\vaadin\external\google\android-json\0.0.20131108.vaadin1\android-json-0.0.20131108.vaadin1.jar;C:\Users\Pichau\.m2\repository\org\springframework\spring-core\5.2.8.RELEASE\spring-core-5.2.8.RELEASE.jar;C:\Users\Pichau\.m2\repository\org\springframework\spring-jcl\5.2.8.RELEASE\spring-jcl-5.2.8.RELEASE.jar;C:\Users\Pichau\.m2\repository\org\springframework\spring-test\5.2.8.RELEASE\spring-test-5.2.8.RELEASE.jar;C:\Users\Pichau\.m2\repository\org\xmlunit\xmlunit-core\2.6.4\xmlunit-core-2.6.4.jar;C:\Users\Pichau\.m2\repository\org\springframework\boot\spring-boot-starter-webflux\2.2.9.RELEASE\spring-boot-starter-webflux-2.2.9.RELEASE.jar;C:\Users\Pichau\.m2\repository\org\springframework\boot\spring-boot-starter-reactor-netty\2.2.9.RELEASE\spring-boot-starter-reactor-netty-2.2.9.RELEASE.jar;C:\Users\Pichau\.m2\repository\io\projectreactor\netty\reactor-netty\0.9.10.RELEASE\reactor-netty-0.9.10.RELEASE.jar;C:\Users\Pichau\.m2\repository\io\netty\netty-codec-http\4.1.51.Final\netty-codec-http-4.1.51.Final.jar;C:\Users\Pichau\.m2\repository\io\netty\netty-common\4.1.51.Final\netty-common-4.1.51.Final.jar;C:\Users\Pichau\.m2\repository\io\netty\netty-buffer\4.1.51.Final\netty-buffer-4.1.51.Final.jar;C:\Users\Pichau\.m2\repository\io\netty\netty-transport\4.1.51.Final\netty-transport-4.1.51.Final.jar;C:\Users\Pichau\.m2\repository\io\netty\netty-codec\4.1.51.Final\netty-codec-4.1.51.Final.jar;C:\Users\Pichau\.m2\repository\io\netty\netty-codec-http2\4.1.51.Final\netty-codec-http2-4.1.51.Final.jar;C:\Users\Pichau\.m2\repository\io\netty\netty-handler\4.1.51.Final\netty-handler-4.1.51.Final.jar;C:\Users\Pichau\.m2\repository\io\netty\netty-resolver\4.1.51.Final\netty-resolver-4.1.51.Final.jar;C:\Users\Pichau\.m2\repository\io\netty\netty-handler-proxy\4.1.51.Final\netty-handler-proxy-4.1.51.Final.jar;C:\Users\Pichau\.m2\repository\io\netty\netty-codec-socks\4.1.51.Final\netty-codec-socks-4.1.51.Final.jar;C:\Users\Pichau\.m2\repository\io\netty\netty-transport-native-epoll\4.1.51.Final\netty-transport-native-epoll-4.1.51.Final-linux-x86_64.jar;C:\Users\Pichau\.m2\repository\io\netty\netty-transport-native-unix-common\4.1.51.Final\netty-transport-native-unix-common-4.1.51.Final.jar;C:\Users\Pichau\.m2\repository\org\glassfish\jakarta.el\3.0.3\jakarta.el-3.0.3.jar;C:\Users\Pichau\.m2\repository\org\springframework\spring-webflux\5.2.8.RELEASE\spring-webflux-5.2.8.RELEASE.jar;C:\Users\Pichau\.m2\repository\io\projectreactor\reactor-core\3.3.8.RELEASE\reactor-core-3.3.8.RELEASE.jar;C:\Users\Pichau\.m2\repository\org\reactivestreams\reactive-streams\1.0.3\reactive-streams-1.0.3.jar;C:\Users\Pichau\.m2\repository\org\synchronoss\cloud\nio-multipart-parser\1.1.0\nio-multipart-parser-1.1.0.jar;C:\Users\Pichau\.m2\repository\org\synchronoss\cloud\nio-stream-storage\1.1.3\nio-stream-storage-1.1.3.jar;C:\Users\Pichau\.m2\repository\com\h2database\h2\1.4.200\h2-1.4.200.jar;C:\Users\Pichau\.m2\repository\org\projectlombok\lombok\1.18.12\lombok-1.18.12.jar;C:\Users\Pichau\.m2\repository\org\springframework\boot\spring-boot-starter-data-jpa\2.2.9.RELEASE\spring-boot-starter-data-jpa-2.2.9.RELEASE.jar;C:\Users\Pichau\.m2\repository\org\springframework\boot\spring-boot-starter-aop\2.2.9.RELEASE\spring-boot-starter-aop-2.2.9.RELEASE.jar;C:\Users\Pichau\.m2\repository\org\aspectj\aspectjweaver\1.9.6\aspectjweaver-1.9.6.jar;C:\Users\Pichau\.m2\repository\org\springframework\boot\spring-boot-starter-jdbc\2.2.9.RELEASE\spring-boot-starter-jdbc-2.2.9.RELEASE.jar;C:\Users\Pichau\.m2\repository\com\zaxxer\HikariCP\3.4.5\HikariCP-3.4.5.jar;C:\Users\Pichau\.m2\repository\org\springframework\spring-jdbc\5.2.8.RELEASE\spring-jdbc-5.2.8.RELEASE.jar;C:\Users\Pichau\.m2\repository\jakarta\persistence\jakarta.persistence-api\2.2.3\jakarta.persistence-api-2.2.3.jar;C:\Users\Pichau\.m2\repository\jakarta\transaction\jakarta.transaction-api\1.3.3\jakarta.transaction-api-1.3.3.jar;C:\Users\Pichau\.m2\repository\org\hibernate\hibernate-core\5.4.18.Final\hibernate-core-5.4.18.Final.jar;C:\Users\Pichau\.m2\repository\org\javassist\javassist\3.24.0-GA\javassist-3.24.0-GA.jar;C:\Users\Pichau\.m2\repository\antlr\antlr\2.7.7\antlr-2.7.7.jar;C:\Users\Pichau\.m2\repository\org\jboss\jandex\2.1.3.Final\jandex-2.1.3.Final.jar;C:\Users\Pichau\.m2\repository\org\dom4j\dom4j\2.1.3\dom4j-2.1.3.jar;C:\Users\Pichau\.m2\repository\org\hibernate\common\hibernate-commons-annotations\5.1.0.Final\hibernate-commons-annotations-5.1.0.Final.jar;C:\Users\Pichau\.m2\repository\org\glassfish\jaxb\jaxb-runtime\2.3.3\jaxb-runtime-2.3.3.jar;C:\Users\Pichau\.m2\repository\org\glassfish\jaxb\txw2\2.3.3\txw2-2.3.3.jar;C:\Users\Pichau\.m2\repository\com\sun\istack\istack-commons-runtime\3.0.11\istack-commons-runtime-3.0.11.jar;C:\Users\Pichau\.m2\repository\com\sun\activation\jakarta.activation\1.2.2\jakarta.activation-1.2.2.jar;C:\Users\Pichau\.m2\repository\org\springframework\data\spring-data-jpa\2.2.9.RELEASE\spring-data-jpa-2.2.9.RELEASE.jar;C:\Users\Pichau\.m2\repository\org\springframework\data\spring-data-commons\2.2.9.RELEASE\spring-data-commons-2.2.9.RELEASE.jar;C:\Users\Pichau\.m2\repository\org\springframework\spring-orm\5.2.8.RELEASE\spring-orm-5.2.8.RELEASE.jar;C:\Users\Pichau\.m2\repository\org\springframework\spring-tx\5.2.8.RELEASE\spring-tx-5.2.8.RELEASE.jar;C:\Users\Pichau\.m2\repository\org\springframework\spring-aspects\5.2.8.RELEASE\spring-aspects-5.2.8.RELEASE.jar;C:\Users\Pichau\.m2\repository\org\springframework\boot\spring-boot-devtools\2.2.9.RELEASE\spring-boot-devtools-2.2.9.RELEASE.jar;C:\Users\Pichau\.m2\repository\org\springframework\boot\spring-boot\2.2.9.RELEASE\spring-boot-2.2.9.RELEASE.jar;C:\Users\Pichau\.m2\repository\org\springframework\boot\spring-boot-autoconfigure\2.2.9.RELEASE\spring-boot-autoconfigure-2.2.9.RELEASE.jar;C:\Users\Pichau\.m2\repository\org\hibernate\hibernate-validator\5.2.4.Final\hibernate-validator-5.2.4.Final.jar;C:\Users\Pichau\.m2\repository\javax\validation\validation-api\2.0.1.Final\validation-api-2.0.1.Final.jar;C:\Users\Pichau\.m2\repository\org\jboss\logging\jboss-logging\3.4.1.Final\jboss-logging-3.4.1.Final.jar;C:\Users\Pichau\.m2\repository\com\fasterxml\classmate\1.5.1\classmate-1.5.1.jar;C:\Users\Pichau\.m2\repository\javax\servlet\jsp\jsp-api\2.2\jsp-api-2.2.jar;C:\Users\Pichau\.m2\repository\au\com\dius\pact\provider\junit\4.1.7\junit-4.1.7.jar;C:\Users\Pichau\.m2\repository\org\apache\httpcomponents\fluent-hc\4.5.12\fluent-hc-4.5.12.jar;C:\Users\Pichau\.m2\repository\commons-logging\commons-logging\1.2\commons-logging-1.2.jar;C:\Users\Pichau\.m2\repository\org\apache\httpcomponents\httpclient\4.5.12\httpclient-4.5.12.jar;C:\Users\Pichau\.m2\repository\org\apache\httpcomponents\httpcore\4.4.13\httpcore-4.4.13.jar;C:\Users\Pichau\.m2\repository\commons-codec\commons-codec\1.13\commons-codec-1.13.jar;C:\Users\Pichau\.m2\repository\org\apache\commons\commons-lang3\3.9\commons-lang3-3.9.jar;C:\Users\Pichau\.m2\repository\org\jooq\jool\0.9.14\jool-0.9.14.jar;C:\Users\Pichau\.m2\repository\com\github\rholder\guava-retrying\2.0.0\guava-retrying-2.0.0.jar;C:\Users\Pichau\.m2\repository\com\google\guava\guava\29.0-jre\guava-29.0-jre.jar;C:\Users\Pichau\.m2\repository\com\google\guava\failureaccess\1.0.1\failureaccess-1.0.1.jar;C:\Users\Pichau\.m2\repository\com\google\guava\listenablefuture\9999.0-empty-to-avoid-conflict-with-guava\listenablefuture-9999.0-empty-to-avoid-conflict-with-guava.jar;C:\Users\Pichau\.m2\repository\org\checkerframework\checker-qual\2.11.1\checker-qual-2.11.1.jar;C:\Users\Pichau\.m2\repository\com\google\errorprone\error_prone_annotations\2.3.4\error_prone_annotations-2.3.4.jar;C:\Users\Pichau\.m2\repository\com\google\j2objc\j2objc-annotations\1.3\j2objc-annotations-1.3.jar;C:\Users\Pichau\.m2\repository\com\google\code\findbugs\jsr305\2.0.2\jsr305-2.0.2.jar;C:\Users\Pichau\.m2\repository\javax\mail\mail\1.5.0-b01\mail-1.5.0-b01.jar;C:\Users\Pichau\.m2\repository\javax\activation\activation\1.1\activation-1.1.jar;C:\Users\Pichau\.m2\repository\au\com\dius\pact\core\support\4.1.7\support-4.1.7.jar;C:\Users\Pichau\.m2\repository\org\antlr\antlr4\4.7.2\antlr4-4.7.2.jar;C:\Users\Pichau\.m2\repository\org\antlr\antlr4-runtime\4.7.2\antlr4-runtime-4.7.2.jar;C:\Users\Pichau\.m2\repository\org\antlr\antlr-runtime\3.5.2\antlr-runtime-3.5.2.jar;C:\Users\Pichau\.m2\repository\org\antlr\ST4\4.1\ST4-4.1.jar;C:\Users\Pichau\.m2\repository\org\abego\treelayout\org.abego.treelayout.core\1.0.3\org.abego.treelayout.core-1.0.3.jar;C:\Users\Pichau\.m2\repository\org\glassfish\javax.json\1.0.4\javax.json-1.0.4.jar;C:\Users\Pichau\.m2\repository\com\ibm\icu\icu4j\61.1\icu4j-61.1.jar;C:\Users\Pichau\.m2\repository\io\github\microutils\kotlin-logging\1.6.26\kotlin-logging-1.6.26.jar;C:\Users\Pichau\.m2\repository\io\github\microutils\kotlin-logging-common\1.6.26\kotlin-logging-common-1.6.26.jar;C:\Users\Pichau\.m2\repository\com\michael-bull\kotlin-result\kotlin-result\1.1.6\kotlin-result-1.1.6.jar;C:\Users\Pichau\.m2\repository\org\jetbrains\kotlin\kotlin-stdlib\1.3.72\kotlin-stdlib-1.3.72.jar;C:\Users\Pichau\.m2\repository\org\jetbrains\kotlin\kotlin-stdlib-common\1.3.72\kotlin-stdlib-common-1.3.72.jar;C:\Users\Pichau\.m2\repository\org\jetbrains\annotations\13.0\annotations-13.0.jar;C:\Users\Pichau\.m2\repository\org\jetbrains\kotlin\kotlin-stdlib-jdk8\1.3.72\kotlin-stdlib-jdk8-1.3.72.jar;C:\Users\Pichau\.m2\repository\org\jetbrains\kotlin\kotlin-stdlib-jdk7\1.3.72\kotlin-stdlib-jdk7-1.3.72.jar;C:\Users\Pichau\.m2\repository\org\jetbrains\kotlin\kotlin-reflect\1.3.72\kotlin-reflect-1.3.72.jar;C:\Users\Pichau\.m2\repository\au\com\dius\pact\provider\4.1.7\provider-4.1.7.jar;C:\Users\Pichau\.m2\repository\commons-io\commons-io\2.5\commons-io-2.5.jar;C:\Users\Pichau\.m2\repository\au\com\dius\pact\core\model\4.1.7\model-4.1.7.jar;C:\Users\Pichau\.m2\repository\com\github\zafarkhaja\java-semver\0.9.0\java-semver-0.9.0.jar;C:\Users\Pichau\.m2\repository\org\apache\commons\commons-collections4\4.1\commons-collections4-4.1.jar;C:\Users\Pichau\.m2\repository\com\github\mifmif\generex\1.0.2\generex-1.0.2.jar;C:\Users\Pichau\.m2\repository\dk\brics\automaton\automaton\1.11-8\automaton-1.11-8.jar;C:\Users\Pichau\.m2\repository\org\apache\tika\tika-core\1.24.1\tika-core-1.24.1.jar;C:\Users\Pichau\.m2\repository\au\com\dius\pact\core\pactbroker\4.1.7\pactbroker-4.1.7.jar;C:\Users\Pichau\.m2\repository\au\com\dius\pact\core\matchers\4.1.7\matchers-4.1.7.jar;C:\Users\Pichau\.m2\repository\com\googlecode\java-diff-utils\diffutils\1.3.0\diffutils-1.3.0.jar;C:\Users\Pichau\.m2\repository\xerces\xercesImpl\2.12.0\xercesImpl-2.12.0.jar;C:\Users\Pichau\.m2\repository\xml-apis\xml-apis\1.4.01\xml-apis-1.4.01.jar;C:\Users\Pichau\.m2\repository\org\atteo\evo-inflector\1.2.2\evo-inflector-1.2.2.jar;C:\Users\Pichau\.m2\repository\org\scala-lang\scala-library\2.13.2\scala-library-2.13.2.jar;C:\Users\Pichau\.m2\repository\io\github\classgraph\classgraph\4.8.25\classgraph-4.8.25.jar;C:\Users\Pichau\.m2\repository\org\codehaus\groovy\groovy\2.5.13\groovy-2.5.13.jar;C:\Users\Pichau\.m2\repository\com\github\ajalt\mordant\1.2.1\mordant-1.2.1.jar;C:\Users\Pichau\.m2\repository\com\github\ajalt\colormath\1.2.0\colormath-1.2.0.jar;C:\Users\Pichau\.m2\repository\org\slf4j\slf4j-api\1.7.30\slf4j-api-1.7.30.jar;C:\Users\Pichau\.m2\repository\org\springframework\boot\spring-boot-configuration-processor\2.2.9.RELEASE\spring-boot-configuration-processor-2.2.9.RELEASE.jar;C:\Users\Pichau\.m2\repository\junit\junit\4.12\junit-4.12.jar;C:\Users\Pichau\.m2\repository\org\hamcrest\hamcrest-core\2.1\hamcrest-core-2.1.jar;C:\Users\Pichau\.m2\repository\org\mockito\mockito-all\1.10.19\mockito-all-1.10.19.jar;"/>
    <property name="sun.cpu.endian" value="little"/>
    <property name="user.home" value="C:\Users\Pichau"/>
    <property name="user.language" value="pt"/>
    <property name="java.specification.vendor" value="Oracle Corporation"/>
    <property name="java.version.date" value="2020-01-14"/>
    <property name="java.home" value="C:\Program Files\Java\jdk-13.0.2"/>
    <property name="file.separator" value="\"/>
    <property name="basedir" value="C:\Users\Pichau\Desktop\gitgit\sistema-calculo-financeio-master\sistema-calculo-financeio-master"/>
    <property name="java.vm.compressedOopsMode" value="32-bit"/>
    <property name="line.separator" value="&#10;"/>
    <property name="java.vm.specification.vendor" value="Oracle Corporation"/>
    <property name="java.specification.name" value="Java Platform API Specification"/>
    <property name="surefire.real.class.path" value="C:\Users\Pichau\AppData\Local\Temp\surefire5917343350031417455\surefirebooter1102054728396442448.jar"/>
    <property name="user.script" value=""/>
    <property name="sun.management.compiler" value="HotSpot 64-Bit Tiered Compilers"/>
    <property name="java.runtime.version" value="13.0.2+8"/>
    <property name="user.name" value="Pichau"/>
    <property name="path.separator" value=";"/>
    <property name="os.version" value="10.0"/>
    <property name="java.runtime.name" value="Java(TM) SE Runtime Environment"/>
    <property name="file.encoding" value="Cp1252"/>
    <property name="java.vm.name" value="Java HotSpot(TM) 64-Bit Server VM"/>
    <property name="localRepository" value="C:\Users\Pichau\.m2\repository"/>
    <property name="java.vendor.url.bug" value="https://bugreport.java.com/bugreport/"/>
    <property name="java.io.tmpdir" value="C:\Users\Pichau\AppData\Local\Temp\"/>
    <property name="java.version" value="13.0.2"/>
    <property name="user.dir" value="C:\Users\Pichau\Desktop\gitgit\sistema-calculo-financeio-master\sistema-calculo-financeio-master"/>
    <property name="os.arch" value="amd64"/>
    <property name="java.vm.specification.name" value="Java Virtual Machine Specification"/>
    <property name="sun.os.patch.level" value=""/>
    <property name="java.library.path" value="C:\Program Files\Java\jdk-13.0.2\bin;C:\Windows\Sun\Java\bin;C:\Windows\system32;C:\Windows;C:/Program Files/Java/jdk-13.0.2/bin/server;C:/Program Files/Java/jdk-13.0.2/bin;C:\Program Files (x86)\Java\jre1.8.0_261\bin;C:\Windows\system32;C:\Windows;C:\Windows\System32\Wbem;C:\Windows\System32\WindowsPowerShell\v1.0\;C:\Windows\System32\OpenSSH\;C:\Program Files (x86)\NVIDIA Corporation\PhysX\Common;C:\Program Files\nodejs\;C:\Program Files\Git\cmd;C:\Program Files\MySQL\MySQL Shell 8.0\bin\;C:\Users\Pichau\AppData\Local\Microsoft\WindowsApps;C:\Users\Pichau\AppData\Local\Programs\Microsoft VS Code\bin;C:\Users\Pichau\AppData\Roaming\npm;C:\Program Files\heroku\bin;C:\Program Files\Java\jdk-13.0.2\bin;C:\Users\Pichau\AppData\Local\GitHubDesktop\bin;C:\Windows\System32;;."/>
    <property name="java.vm.info" value="mixed mode, sharing"/>
    <property name="java.vendor" value="Oracle Corporation"/>
    <property name="java.vm.version" value="13.0.2+8"/>
    <property name="sun.io.unicode.encoding" value="UnicodeLittle"/>
    <property name="java.class.version" value="57.0"/>
  </properties>
  <testcase name="calcular_compromedimento_test" classname="com.CalculoFinanceiro.service.TestCalcularCompromedimento" time="0"/>
  <testcase name="calcular_compromedimento_errado" classname="com.CalculoFinanceiro.service.TestCalcularCompromedimento" time="0"/>
</testsuite>